Performing C SOURCE FILE Test CMAKE_HAVE_LIBC_PTHREAD failed with the following output:
Change Dir: /home/caia/lc_ws/LET/LET-NET/build/CMakeFiles/CMakeTmp

Run Build Command(s):/usr/bin/make cmTC_1e5a2/fast && /usr/bin/make -f CMakeFiles/cmTC_1e5a2.dir/build.make CMakeFiles/cmTC_1e5a2.dir/build
make[1]: 进入目录“/home/caia/lc_ws/LET/LET-NET/build/CMakeFiles/CMakeTmp”
Building C object CMakeFiles/cmTC_1e5a2.dir/src.c.o
/usr/bin/cc   -Wall  -O3 -march=native  -DCMAKE_HAVE_LIBC_PTHREAD   -o CMakeFiles/cmTC_1e5a2.dir/src.c.o   -c /home/caia/lc_ws/LET/LET-NET/build/CMakeFiles/CMakeTmp/src.c
Linking C executable cmTC_1e5a2
/usr/bin/cmake -E cmake_link_script CMakeFiles/cmTC_1e5a2.dir/link.txt --verbose=1
/usr/bin/cc   -Wall  -O3 -march=native  -DCMAKE_HAVE_LIBC_PTHREAD    CMakeFiles/cmTC_1e5a2.dir/src.c.o  -o cmTC_1e5a2 
/usr/bin/ld: CMakeFiles/cmTC_1e5a2.dir/src.c.o: in function `main':
src.c:(.text.startup+0x29): undefined reference to `pthread_create'
/usr/bin/ld: src.c:(.text.startup+0x32): undefined reference to `pthread_detach'
/usr/bin/ld: src.c:(.text.startup+0x3d): undefined reference to `pthread_join'
collect2: error: ld returned 1 exit status
make[1]: *** [CMakeFiles/cmTC_1e5a2.dir/build.make:87：cmTC_1e5a2] 错误 1
make[1]: 离开目录“/home/caia/lc_ws/LET/LET-NET/build/CMakeFiles/CMakeTmp”
make: *** [Makefile:121：cmTC_1e5a2/fast] 错误 2


Source file was:
#include <pthread.h>

void* test_func(void* data)
{
  return data;
}

int main(void)
{
  pthread_t thread;
  pthread_create(&thread, NULL, test_func, NULL);
  pthread_detach(thread);
  pthread_join(thread, NULL);
  pthread_atfork(NULL, NULL, NULL);
  pthread_exit(NULL);

  return 0;
}

